<?xml version="1.0" encoding="UTF-8"?>
<!-- Generated by org.testng.reporters.JUnitXMLReporter -->
<testsuite hostname="CAM21DDNV2" name="FFTest" tests="2" failures="0" timestamp="25 Oct 2019 00:39:27 GMT" time="0.12" errors="0">
  <testcase name="@BeforeClass beforeTest" time="0.0" classname="com.tajawal.tests.FlightSearchTests">
    <failure type="org.openqa.selenium.WebDriverException" message="Cannot find firefox binary in PATH. Make sure firefox is installed. OS appears to be: WIN10
Build info: version: &amp;apos;3.8.1&amp;apos;, revision: &amp;apos;6e95a6684b&amp;apos;, time: &amp;apos;2017-12-01T18:33:54.468Z&amp;apos;
System info: host: &amp;apos;CAM21DDNV2&amp;apos;, ip: &amp;apos;10.247.204.87&amp;apos;, os.name: &amp;apos;Windows 10&amp;apos;, os.arch: &amp;apos;amd64&amp;apos;, os.version: &amp;apos;10.0&amp;apos;, java.version: &amp;apos;1.8.0_77&amp;apos;
Driver info: driver.version: FirefoxDriver">
      <![CDATA[org.openqa.selenium.WebDriverException: Cannot find firefox binary in PATH. Make sure firefox is installed. OS appears to be: WIN10
Build info: version: '3.8.1', revision: '6e95a6684b', time: '2017-12-01T18:33:54.468Z'
System info: host: 'CAM21DDNV2', ip: '10.247.204.87', os.name: 'Windows 10', os.arch: 'amd64', os.version: '10.0', java.version: '1.8.0_77'
Driver info: driver.version: FirefoxDriver
	at org.openqa.selenium.firefox.FirefoxBinary.<init>(FirefoxBinary.java:116)
	at java.util.Optional.orElseGet(Optional.java:267)
	at org.openqa.selenium.firefox.FirefoxOptions.getBinary(FirefoxOptions.java:218)
	at org.openqa.selenium.firefox.FirefoxDriver.toExecutor(FirefoxDriver.java:155)
	at org.openqa.selenium.firefox.FirefoxDriver.<init>(FirefoxDriver.java:120)
	at org.openqa.selenium.firefox.FirefoxDriver.<init>(FirefoxDriver.java:98)
	at com.tajawal.base.BaseTest.beforeTest(BaseTest.java:37)
... Removed 24 stack frames]]>
    </failure>
  </testcase> <!-- @BeforeClass beforeTest -->
  <testcase name="@BeforeMethod setup" time="0.0" classname="com.tajawal.tests.FlightSearchTests">
    <skipped/>
  </testcase> <!-- @BeforeMethod setup -->
  <testcase name="@BeforeMethod setup" time="0.0" classname="com.tajawal.tests.FlightSearchTests">
    <skipped/>
  </testcase> <!-- @BeforeMethod setup -->
  <testcase name="firstScenario" time="0.0" classname="com.tajawal.tests.FlightSearchTests">
    <skipped/>
  </testcase> <!-- firstScenario -->
  <testcase name="secondScenario" time="0.0" classname="com.tajawal.tests.FlightSearchTests">
    <skipped/>
  </testcase> <!-- secondScenario -->
</testsuite> <!-- FFTest -->
